<?xml version="1.0" encoding="UTF-8"?>
<!-- Generated by org.testng.reporters.JUnitReportReporter -->
<testsuite hostname="Amruta1" name="taxTest.TaxManTest" tests="2" failures="0" timestamp="26 Feb 2015 20:45:28 GMT" time="0.018" errors="0">
  <testcase name="testisValidInput" time="0.001" classname="taxTest.TaxManTest"/>
  <testcase name="testcostEstimator" time="0.017" classname="taxTest.TaxManTest"/>
</testsuite> <!-- taxTest.TaxManTest -->
